[10:47:23] [Server thread/INFO]: Starting minecraft server version 1.8
[10:47:23] [Server thread/INFO]: Loading properties
[10:47:23] [Server thread/INFO]: Default game type: SURVIVAL
[10:47:23] [Server thread/INFO]: This server is running CraftBukkit version git-Spigot-c3c767f-33d5de3 (MC: 1.8) (Implementing API version 1.8-R0.1-SNAPSHOT)
[10:47:23] [Server thread/INFO]: Debug logging is disabled
[10:47:23] [Server thread/INFO]: Using 4 threads for Netty based IO
[10:47:23] [Server thread/INFO]: Server Ping Player Sample Count: 12
[10:47:23] [Server thread/INFO]: Generating keypair
[10:47:23] [Server thread/INFO]: Starting Minecraft server on *:25565
[10:47:24] [Server thread/INFO]: **** Beginning UUID conversion, this may take A LONG time ****
[10:47:24] [Server thread/INFO]: Preparing level "world"
[10:47:24] [Server thread/INFO]: -------- World Settings For [world] --------
[10:47:24] [Server thread/INFO]: Anti X-Ray: true
[10:47:24] [Server thread/INFO]: 	Engine Mode: 1
[10:47:24] [Server thread/INFO]: 	Hidden Blocks: [14, 15, 16, 21, 48, 49, 54, 56, 73, 74, 82, 129, 130]
[10:47:24] [Server thread/INFO]: 	Replace Blocks: [1, 5]
[10:47:24] [Server thread/INFO]: Alternative Hopper Ticking: false
[10:47:24] [Server thread/INFO]: Hopper Transfer: 8 Hopper Check: 8 Hopper Amount: 1
[10:47:24] [Server thread/INFO]: Allow Zombie Pigmen to spawn from portal blocks: true
[10:47:24] [Server thread/INFO]: Max Entity Collisions: 8
[10:47:24] [Server thread/INFO]: Custom Map Seeds:  Village: 10387312 Feature: 14357617
[10:47:24] [Server thread/INFO]: Item Merge Radius: 2.5
[10:47:24] [Server thread/INFO]: Item Despawn Rate: 6000
[10:47:24] [Server thread/INFO]: Arrow Despawn Rate: 1200
[10:47:24] [Server thread/INFO]: Chunks to Grow per Tick: 650
[10:47:24] [Server thread/INFO]: Clear tick list: false
[10:47:24] [Server thread/INFO]: Mob Spawn Range: 4
[10:47:24] [Server thread/INFO]: Nerfing mobs spawned from spawners: false
[10:47:24] [Server thread/INFO]: Cactus Growth Modifier: 100%
[10:47:24] [Server thread/INFO]: Cane Growth Modifier: 100%
[10:47:24] [Server thread/INFO]: Melon Growth Modifier: 100%
[10:47:24] [Server thread/INFO]: Mushroom Growth Modifier: 100%
[10:47:24] [Server thread/INFO]: Pumpkin Growth Modifier: 100%
[10:47:24] [Server thread/INFO]: Sapling Growth Modifier: 100%
[10:47:24] [Server thread/INFO]: Wheat Growth Modifier: 100%
[10:47:24] [Server thread/INFO]: Entity Tracking Range: Pl 48 / An 48 / Mo 48 / Mi 32 / Other 64
[10:47:24] [Server thread/INFO]: Max TNT Explosions: 100
[10:47:24] [Server thread/INFO]: Random Lighting Updates: false
[10:47:24] [Server thread/INFO]: Sending up to 10 chunks per packet
[10:47:24] [Server thread/INFO]: Tile Max Tick Time: 50ms Entity max Tick Time: 50ms
[10:47:24] [Server thread/INFO]: Entity Activation Range: An 32 / Mo 32 / Mi 16
[10:47:24] [Server thread/INFO]: Structure Info Saving: true
[10:47:24] [Server thread/INFO]: View Distance: 10
[10:47:24] [Server thread/INFO]: Zombie Aggressive Towards Villager: true
[10:47:24] [Server thread/INFO]: Experience Merge Radius: 3.0
[10:47:24] [Server thread/INFO]: -------- World Settings For [world_nether] --------
[10:47:24] [Server thread/INFO]: Anti X-Ray: true
[10:47:24] [Server thread/INFO]: 	Engine Mode: 1
[10:47:24] [Server thread/INFO]: 	Hidden Blocks: [14, 15, 16, 21, 48, 49, 54, 56, 73, 74, 82, 129, 130]
[10:47:24] [Server thread/INFO]: 	Replace Blocks: [1, 5]
[10:47:24] [Server thread/INFO]: Alternative Hopper Ticking: false
[10:47:24] [Server thread/INFO]: Hopper Transfer: 8 Hopper Check: 8 Hopper Amount: 1
[10:47:24] [Server thread/INFO]: Allow Zombie Pigmen to spawn from portal blocks: true
[10:47:24] [Server thread/INFO]: Max Entity Collisions: 8
[10:47:24] [Server thread/INFO]: Custom Map Seeds:  Village: 10387312 Feature: 14357617
[10:47:24] [Server thread/INFO]: Item Merge Radius: 2.5
[10:47:24] [Server thread/INFO]: Item Despawn Rate: 6000
[10:47:24] [Server thread/INFO]: Arrow Despawn Rate: 1200
[10:47:24] [Server thread/INFO]: Chunks to Grow per Tick: 650
[10:47:24] [Server thread/INFO]: Clear tick list: false
[10:47:24] [Server thread/INFO]: Mob Spawn Range: 4
[10:47:24] [Server thread/INFO]: Nerfing mobs spawned from spawners: false
[10:47:24] [Server thread/INFO]: Cactus Growth Modifier: 100%
[10:47:24] [Server thread/INFO]: Cane Growth Modifier: 100%
[10:47:24] [Server thread/INFO]: Melon Growth Modifier: 100%
[10:47:24] [Server thread/INFO]: Mushroom Growth Modifier: 100%
[10:47:24] [Server thread/INFO]: Pumpkin Growth Modifier: 100%
[10:47:24] [Server thread/INFO]: Sapling Growth Modifier: 100%
[10:47:24] [Server thread/INFO]: Wheat Growth Modifier: 100%
[10:47:24] [Server thread/INFO]: Entity Tracking Range: Pl 48 / An 48 / Mo 48 / Mi 32 / Other 64
[10:47:24] [Server thread/INFO]: Max TNT Explosions: 100
[10:47:24] [Server thread/INFO]: Random Lighting Updates: false
[10:47:24] [Server thread/INFO]: Sending up to 10 chunks per packet
[10:47:24] [Server thread/INFO]: Tile Max Tick Time: 50ms Entity max Tick Time: 50ms
[10:47:24] [Server thread/INFO]: Entity Activation Range: An 32 / Mo 32 / Mi 16
[10:47:24] [Server thread/INFO]: Structure Info Saving: true
[10:47:24] [Server thread/INFO]: View Distance: 10
[10:47:24] [Server thread/INFO]: Zombie Aggressive Towards Villager: true
[10:47:24] [Server thread/INFO]: Experience Merge Radius: 3.0
[10:47:24] [Server thread/INFO]: -------- World Settings For [world_the_end] --------
[10:47:24] [Server thread/INFO]: Anti X-Ray: true
[10:47:24] [Server thread/INFO]: 	Engine Mode: 1
[10:47:24] [Server thread/INFO]: 	Hidden Blocks: [14, 15, 16, 21, 48, 49, 54, 56, 73, 74, 82, 129, 130]
[10:47:24] [Server thread/INFO]: 	Replace Blocks: [1, 5]
[10:47:24] [Server thread/INFO]: Alternative Hopper Ticking: false
[10:47:24] [Server thread/INFO]: Hopper Transfer: 8 Hopper Check: 8 Hopper Amount: 1
[10:47:24] [Server thread/INFO]: Allow Zombie Pigmen to spawn from portal blocks: true
[10:47:24] [Server thread/INFO]: Max Entity Collisions: 8
[10:47:24] [Server thread/INFO]: Custom Map Seeds:  Village: 10387312 Feature: 14357617
[10:47:24] [Server thread/INFO]: Item Merge Radius: 2.5
[10:47:24] [Server thread/INFO]: Item Despawn Rate: 6000
[10:47:24] [Server thread/INFO]: Arrow Despawn Rate: 1200
[10:47:24] [Server thread/INFO]: Chunks to Grow per Tick: 650
[10:47:24] [Server thread/INFO]: Clear tick list: false
[10:47:24] [Server thread/INFO]: Mob Spawn Range: 4
[10:47:24] [Server thread/INFO]: Nerfing mobs spawned from spawners: false
[10:47:24] [Server thread/INFO]: Cactus Growth Modifier: 100%
[10:47:24] [Server thread/INFO]: Cane Growth Modifier: 100%
[10:47:24] [Server thread/INFO]: Melon Growth Modifier: 100%
[10:47:24] [Server thread/INFO]: Mushroom Growth Modifier: 100%
[10:47:24] [Server thread/INFO]: Pumpkin Growth Modifier: 100%
[10:47:24] [Server thread/INFO]: Sapling Growth Modifier: 100%
[10:47:24] [Server thread/INFO]: Wheat Growth Modifier: 100%
[10:47:24] [Server thread/INFO]: Entity Tracking Range: Pl 48 / An 48 / Mo 48 / Mi 32 / Other 64
[10:47:24] [Server thread/INFO]: Max TNT Explosions: 100
[10:47:24] [Server thread/INFO]: Random Lighting Updates: false
[10:47:24] [Server thread/INFO]: Sending up to 10 chunks per packet
[10:47:24] [Server thread/INFO]: Tile Max Tick Time: 50ms Entity max Tick Time: 50ms
[10:47:24] [Server thread/INFO]: Entity Activation Range: An 32 / Mo 32 / Mi 16
[10:47:24] [Server thread/INFO]: Structure Info Saving: true
[10:47:24] [Server thread/INFO]: View Distance: 10
[10:47:24] [Server thread/INFO]: Zombie Aggressive Towards Villager: true
[10:47:24] [Server thread/INFO]: Experience Merge Radius: 3.0
[10:47:24] [Server thread/INFO]: Preparing start region for level 0 (Seed: 4096148322341318331)
[10:47:25] [Server thread/INFO]: Preparing spawn area: 12%
[10:47:26] [Server thread/INFO]: Preparing spawn area: 23%
[10:47:27] [Server thread/INFO]: Preparing spawn area: 33%
[10:47:28] [Server thread/INFO]: Preparing spawn area: 52%
[10:47:29] [Server thread/INFO]: Preparing spawn area: 60%
[10:47:30] [Server thread/INFO]: Preparing spawn area: 68%
[10:47:31] [Server thread/INFO]: Preparing spawn area: 77%
[10:47:32] [Server thread/INFO]: Preparing spawn area: 84%
[10:47:33] [Server thread/INFO]: Preparing spawn area: 90%
[10:47:34] [Server thread/INFO]: Preparing spawn area: 97%
[10:47:34] [Server thread/INFO]: Preparing start region for level 1 (Seed: 4096148322341318331)
[10:47:35] [Server thread/INFO]: Preparing start region for level 2 (Seed: 4096148322341318331)
[10:47:35] [Server thread/INFO]: Server permissions file permissions.yml is empty, ignoring it
[10:47:36] [Server thread/INFO]: Done (11.978s)! For help, type "help" or "?"
[10:47:40] [Server thread/INFO]: [0;33;1m--------- [0;37;1mHelp: Index [0;33;1m---------------------------[m
[10:47:40] [Server thread/INFO]: [0;37;22mUse /help [n] to get page n of help.[m
[10:47:40] [Server thread/INFO]: [0;33;22mAliases: [0;37;1mLists command aliases[m
[10:47:40] [Server thread/INFO]: [0;33;22mBukkit: [0;37;1mAll commands for Bukkit[m
[10:47:40] [Server thread/INFO]: [0;33;22mMinecraft: [0;37;1mAll commands for Minecraft[m
[10:47:40] [Server thread/INFO]: [0;33;22m/achievement: [0;37;1mA Mojang provided command.[m
[10:47:40] [Server thread/INFO]: [0;33;22m/ban: [0;37;1mA Mojang provided command.[m
[10:47:40] [Server thread/INFO]: [0;33;22m/ban-ip: [0;37;1mA Mojang provided command.[m
[10:47:40] [Server thread/INFO]: [0;33;22m/banlist: [0;37;1mA Mojang provided command.[m
[10:47:40] [Server thread/INFO]: [0;33;22m/blockdata: [0;37;1mA Mojang provided command.[m
[10:47:40] [Server thread/INFO]: [0;33;22m/clear: [0;37;1mA Mojang provided command.[m
[10:47:40] [Server thread/INFO]: [0;33;22m/clone: [0;37;1mA Mojang provided command.[m
[10:47:40] [Server thread/INFO]: [0;33;22m/debug: [0;37;1mA Mojang provided command.[m
[10:47:40] [Server thread/INFO]: [0;33;22m/defaultgamemode: [0;37;1mA Mojang provided command.[m
[10:47:40] [Server thread/INFO]: [0;33;22m/deop: [0;37;1mA Mojang provided command.[m
[10:47:40] [Server thread/INFO]: [0;33;22m/difficulty: [0;37;1mA Mojang provided command.[m
[10:47:40] [Server thread/INFO]: [0;33;22m/effect: [0;37;1mA Mojang provided command.[m
[10:47:40] [Server thread/INFO]: [0;33;22m/enchant: [0;37;1mA Mojang provided command.[m
[10:47:40] [Server thread/INFO]: [0;33;22m/entitydata: [0;37;1mA Mojang provided command.[m
[10:47:40] [Server thread/INFO]: [0;33;22m/execute: [0;37;1mA Mojang provided command.[m
[10:47:40] [Server thread/INFO]: [0;33;22m/fill: [0;37;1mA Mojang provided command.[m
[10:47:40] [Server thread/INFO]: [0;33;22m/gamemode: [0;37;1mA Mojang provided command.[m
[10:47:40] [Server thread/INFO]: [0;33;22m/gamerule: [0;37;1mA Mojang provided command.[m
[10:47:40] [Server thread/INFO]: [0;33;22m/give: [0;37;1mA Mojang provided command.[m
[10:47:40] [Server thread/INFO]: [0;33;22m/help: [0;37;1mShows the help menu[m
[10:47:40] [Server thread/INFO]: [0;33;22m/kick: [0;37;1mA Mojang provided command.[m
[10:47:40] [Server thread/INFO]: [0;33;22m/kill: [0;37;1mA Mojang provided command.[m
[10:47:40] [Server thread/INFO]: [0;33;22m/list: [0;37;1mA Mojang provided command.[m
[10:47:40] [Server thread/INFO]: [0;33;22m/me: [0;37;1mA Mojang provided command.[m
[10:47:40] [Server thread/INFO]: [0;33;22m/minecraft:help: [0;37;1mA Mojang provided command.[m
[10:47:40] [Server thread/INFO]: [0;33;22m/minecraft:tell: [0;37;1mA Mojang provided command.[m
[10:47:40] [Server thread/INFO]: [0;33;22m/op: [0;37;1mA Mojang provided command.[m
[10:47:40] [Server thread/INFO]: [0;33;22m/pardon: [0;37;1mA Mojang provided command.[m
[10:47:40] [Server thread/INFO]: [0;33;22m/pardon-ip: [0;37;1mA Mojang provided command.[m
[10:47:40] [Server thread/INFO]: [0;33;22m/particle: [0;37;1mA Mojang provided command.[m
[10:47:40] [Server thread/INFO]: [0;33;22m/playsound: [0;37;1mA Mojang provided command.[m
[10:47:40] [Server thread/INFO]: [0;33;22m/plugins: [0;37;1mGets a list of plugins running on the server[m
[10:47:40] [Server thread/INFO]: [0;33;22m/reload: [0;37;1mReloads the server configuration and plugins[m
[10:47:40] [Server thread/INFO]: [0;33;22m/replaceitem: [0;37;1mA Mojang provided command.[m
[10:47:40] [Server thread/INFO]: [0;33;22m/restart: [0;37;1mRestarts the server[m
[10:47:40] [Server thread/INFO]: [0;33;22m/save-all: [0;37;1mA Mojang provided command.[m
[10:47:40] [Server thread/INFO]: [0;33;22m/save-off: [0;37;1mA Mojang provided command.[m
[10:47:40] [Server thread/INFO]: [0;33;22m/save-on: [0;37;1mA Mojang provided command.[m
[10:47:40] [Server thread/INFO]: [0;33;22m/say: [0;37;1mA Mojang provided command.[m
[10:47:40] [Server thread/INFO]: [0;33;22m/scoreboard: [0;37;1mA Mojang provided command.[m
[10:47:40] [Server thread/INFO]: [0;33;22m/seed: [0;37;1mA Mojang provided command.[m
[10:47:40] [Server thread/INFO]: [0;33;22m/setblock: [0;37;1mA Mojang provided command.[m
[10:47:40] [Server thread/INFO]: [0;33;22m/setidletimeout: [0;37;1mA Mojang provided command.[m
[10:47:40] [Server thread/INFO]: [0;33;22m/setworldspawn: [0;37;1mA Mojang provided command.[m
[10:47:40] [Server thread/INFO]: [0;33;22m/spawnpoint: [0;37;1mA Mojang provided command.[m
[10:47:40] [Server thread/INFO]: [0;33;22m/spreadplayers: [0;37;1mA Mojang provided command.[m
[10:47:40] [Server thread/INFO]: [0;33;22m/stats: [0;37;1mA Mojang provided command.[m
[10:47:40] [Server thread/INFO]: [0;33;22m/stop: [0;37;1mA Mojang provided command.[m
[10:47:40] [Server thread/INFO]: [0;33;22m/summon: [0;37;1mA Mojang provided command.[m
[10:47:40] [Server thread/INFO]: [0;33;22m/tell: [0;37;1mA Mojang provided command.[m
[10:47:40] [Server thread/INFO]: [0;33;22m/tellraw: [0;37;1mA Mojang provided command.[m
[10:47:40] [Server thread/INFO]: [0;33;22m/testfor: [0;37;1mA Mojang provided command.[m
[10:47:40] [Server thread/INFO]: [0;33;22m/testforblock: [0;37;1mA Mojang provided command.[m
[10:47:40] [Server thread/INFO]: [0;33;22m/testforblocks: [0;37;1mA Mojang provided command.[m
[10:47:40] [Server thread/INFO]: [0;33;22m/time: [0;37;1mA Mojang provided command.[m
[10:47:40] [Server thread/INFO]: [0;33;22m/timings: [0;37;1mManages Spigot Timings data to see performance of the server.[m
[10:47:40] [Server thread/INFO]: [0;33;22m/title: [0;37;1mA Mojang provided command.[m
[10:47:40] [Server thread/INFO]: [0;33;22m/toggledownfall: [0;37;1mA Mojang provided command.[m
[10:47:40] [Server thread/INFO]: [0;33;22m/tp: [0;37;1mA Mojang provided command.[m
[10:47:40] [Server thread/INFO]: [0;33;22m/tps: [0;37;1mGets the current ticks per second for the server[m
[10:47:40] [Server thread/INFO]: [0;33;22m/trigger: [0;37;1mA Mojang provided command.[m
[10:47:40] [Server thread/INFO]: [0;33;22m/version: [0;37;1mGets the version of this server including any plugins in use[m
[10:47:40] [Server thread/INFO]: [0;33;22m/weather: [0;37;1mA Mojang provided command.[m
[10:47:40] [Server thread/INFO]: [0;33;22m/whitelist: [0;37;1mA Mojang provided command.[m
[10:47:40] [Server thread/INFO]: [0;33;22m/worldborder: [0;37;1mA Mojang provided command.[m
[10:47:40] [Server thread/INFO]: [0;33;22m/xp: [0;37;1mA Mojang provided command.[m
